This is pdfTeX, Version 3.141592653-2.6-1.40.26 (TeX Live 2024) (preloaded format=pdflatex 2024.5.4)  4 SEP 2024 22:51
entering extended mode
 restricted \write18 enabled.
 %&-line parsing enabled.
**thesis
(./thesis.tex
LaTeX2e <2023-11-01> patch level 1
L3 programming layer <2024-02-20>
(./uonthesis.cls
Document Class: uonthesis 2002/7/20 University of Nottingham Thesis Class
(./uont11.clo)
\descriptionmargin=\dimen140
\c@part=\count188
\c@chapter=\count189
\c@section=\count190
\c@subsection=\count191
\c@subsubsection=\count192
\c@paragraph=\count193
\c@subparagraph=\count194
\c@figure=\count195
\c@table=\count196
)
(/usr/local/texlive/2024/texmf-dist/tex/latex/appendix/appendix.sty
Package: appendix 2020/02/08 v1.2c extra appendix facilities
\c@@pps=\count197
\c@@ppsavesec=\count198
\c@@ppsaveapp=\count199
)
(/usr/local/texlive/2024/texmf-dist/tex/latex/graphics/graphicx.sty
Package: graphicx 2021/09/16 v1.2d Enhanced LaTeX Graphics (DPC,SPQR)

(/usr/local/texlive/2024/texmf-dist/tex/latex/graphics/keyval.sty
Package: keyval 2022/05/29 v1.15 key=value parser (DPC)
\KV@toks@=\toks17
)
(/usr/local/texlive/2024/texmf-dist/tex/latex/graphics/graphics.sty
Package: graphics 2022/03/10 v1.4e Standard LaTeX Graphics (DPC,SPQR)

(/usr/local/texlive/2024/texmf-dist/tex/latex/graphics/trig.sty
Package: trig 2021/08/11 v1.11 sin cos tan (DPC)
)
(/usr/local/texlive/2024/texmf-dist/tex/latex/graphics-cfg/graphics.cfg
File: graphics.cfg 2016/06/04 v1.11 sample graphics configuration
)
Package graphics Info: Driver file: pdftex.def on input line 107.

(/usr/local/texlive/2024/texmf-dist/tex/latex/graphics-def/pdftex.def
File: pdftex.def 2022/09/22 v1.2b Graphics/color driver for pdftex
))
\Gin@req@height=\dimen141
\Gin@req@width=\dimen142
)
(/usr/local/texlive/2024/texmf-dist/tex/latex/multirow/multirow.sty
Package: multirow 2021/03/15 v2.8 Span multiple rows of a table
\multirow@colwidth=\skip48
\multirow@cntb=\count266
\multirow@dima=\skip49
\bigstrutjot=\dimen143
)
(/usr/local/texlive/2024/texmf-dist/tex/latex/caption/subcaption.sty
Package: subcaption 2023/07/28 v1.6b Sub-captions (AR)

(/usr/local/texlive/2024/texmf-dist/tex/latex/caption/caption.sty
Package: caption 2023/08/05 v3.6o Customizing captions (AR)

(/usr/local/texlive/2024/texmf-dist/tex/latex/caption/caption3.sty
Package: caption3 2023/07/31 v2.4d caption3 kernel (AR)
\caption@tempdima=\dimen144
\captionmargin=\dimen145
\caption@leftmargin=\dimen146
\caption@rightmargin=\dimen147
\caption@width=\dimen148
\caption@indent=\dimen149
\caption@parindent=\dimen150
\caption@hangindent=\dimen151
\abovecaptionskip=\skip50
\belowcaptionskip=\skip51
Package caption Info: Unknown document class (or package),
(caption)             standard defaults will be used.
Package caption Info: \@makecaption = \long macro:#1#2->\par \ifdim \prevdepth 
>-\p@ \vskip 10\p@ \relax \fi \setbox \@tempboxa \hbox {\vbox to\topskip {}{\sc
shape #1}: #2\unskip \strut }\ifdim \wd \@tempboxa >\hsize {\ssp {\scshape #1}:
 #2\unskip \strut \par } \else \hbox to\hsize {\hfil \unhbox \@tempboxa \hfil }
\fi  on input line 1175.
)

Package caption Warning: Unknown document class (or package),
(caption)                standard defaults will be used.
See the caption package documentation for explanation.

\c@caption@flags=\count267
\c@continuedfloat=\count268
)
Package caption Info: New subtype `subfigure' on input line 238.
\c@subfigure=\count269
Package caption Info: New subtype `subtable' on input line 238.
\c@subtable=\count270
) (/usr/local/texlive/2024/texmf-dist/tex/latex/amsmath/amsmath.sty
Package: amsmath 2023/05/13 v2.17o AMS math features
\@mathmargin=\skip52

For additional information on amsmath, use the `?' option.
(/usr/local/texlive/2024/texmf-dist/tex/latex/amsmath/amstext.sty
Package: amstext 2021/08/26 v2.01 AMS text

(/usr/local/texlive/2024/texmf-dist/tex/latex/amsmath/amsgen.sty
File: amsgen.sty 1999/11/30 v2.0 generic functions
\@emptytoks=\toks18
\ex@=\dimen152
))
(/usr/local/texlive/2024/texmf-dist/tex/latex/amsmath/amsbsy.sty
Package: amsbsy 1999/11/29 v1.2d Bold Symbols
\pmbraise@=\dimen153
)
(/usr/local/texlive/2024/texmf-dist/tex/latex/amsmath/amsopn.sty
Package: amsopn 2022/04/08 v2.04 operator names
)
\inf@bad=\count271
LaTeX Info: Redefining \frac on input line 234.
\uproot@=\count272
\leftroot@=\count273
LaTeX Info: Redefining \overline on input line 399.
LaTeX Info: Redefining \colon on input line 410.
\classnum@=\count274
\DOTSCASE@=\count275
LaTeX Info: Redefining \ldots on input line 496.
LaTeX Info: Redefining \dots on input line 499.
LaTeX Info: Redefining \cdots on input line 620.
\Mathstrutbox@=\box51
\strutbox@=\box52
LaTeX Info: Redefining \big on input line 722.
LaTeX Info: Redefining \Big on input line 723.
LaTeX Info: Redefining \bigg on input line 724.
LaTeX Info: Redefining \Bigg on input line 725.
\big@size=\dimen154
LaTeX Font Info:    Redeclaring font encoding OML on input line 743.
LaTeX Font Info:    Redeclaring font encoding OMS on input line 744.
\macc@depth=\count276
LaTeX Info: Redefining \bmod on input line 905.
LaTeX Info: Redefining \pmod on input line 910.
LaTeX Info: Redefining \smash on input line 940.
LaTeX Info: Redefining \relbar on input line 970.
LaTeX Info: Redefining \Relbar on input line 971.
\c@MaxMatrixCols=\count277
\dotsspace@=\muskip16
\c@parentequation=\count278
\dspbrk@lvl=\count279
\tag@help=\toks19
\row@=\count280
\column@=\count281
\maxfields@=\count282
\andhelp@=\toks20
\eqnshift@=\dimen155
\alignsep@=\dimen156
\tagshift@=\dimen157
\tagwidth@=\dimen158
\totwidth@=\dimen159
\lineht@=\dimen160
\@envbody=\toks21
\multlinegap=\skip53
\multlinetaggap=\skip54
\mathdisplay@stack=\toks22
LaTeX Info: Redefining \[ on input line 2953.
LaTeX Info: Redefining \] on input line 2954.
)
(/usr/local/texlive/2024/texmf-dist/tex/latex/tools/array.sty
Package: array 2023/10/16 v2.5g Tabular extension package (FMi)
\col@sep=\dimen161
\ar@mcellbox=\box53
\extrarowheight=\dimen162
\NC@list=\toks23
\extratabsurround=\skip55
\backup@length=\skip56
\ar@cellbox=\box54
)
(/usr/local/texlive/2024/texmf-dist/tex/latex/algorithms/algorithm.sty
Package: algorithm 2009/08/24 v0.1 Document Style `algorithm' - floating enviro
nment

(/usr/local/texlive/2024/texmf-dist/tex/latex/float/float.sty
Package: float 2001/11/08 v1.3d Float enhancements (AL)
\c@float@type=\count283
\float@exts=\toks24
\float@box=\box55
\@float@everytoks=\toks25
\@floatcapt=\box56
)
(/usr/local/texlive/2024/texmf-dist/tex/latex/base/ifthen.sty
Package: ifthen 2022/04/13 v1.1d Standard LaTeX ifthen package (DPC)
)
\@float@every@algorithm=\toks26
\c@algorithm=\count284
)
(/usr/local/texlive/2024/texmf-dist/tex/latex/algorithmicx/algpseudocode.sty
Package: algpseudocode 

(/usr/local/texlive/2024/texmf-dist/tex/latex/algorithmicx/algorithmicx.sty
Package: algorithmicx 2005/04/27 v1.2 Algorithmicx

Document Style algorithmicx 1.2 - a greatly improved `algorithmic' style
\c@ALG@line=\count285
\c@ALG@rem=\count286
\c@ALG@nested=\count287
\ALG@tlm=\skip57
\ALG@thistlm=\skip58
\c@ALG@Lnr=\count288
\c@ALG@blocknr=\count289
\c@ALG@storecount=\count290
\c@ALG@tmpcounter=\count291
\ALG@tmplength=\skip59
)
Document Style - pseudocode environments for use with the `algorithmicx' style
) (/usr/local/texlive/2024/texmf-dist/tex/latex/l3backend/l3backend-pdftex.def
File: l3backend-pdftex.def 2024-02-20 L3 backend support: PDF output (pdfTeX)
\l__color_backend_stack_int=\count292
\l__pdf_internal_box=\box57
) (./thesis.aux)
\openout1 = `thesis.aux'.

LaTeX Font Info:    Checking defaults for OML/cmm/m/it on input line 24.
LaTeX Font Info:    ... okay on input line 24.
LaTeX Font Info:    Checking defaults for OMS/cmsy/m/n on input line 24.
LaTeX Font Info:    ... okay on input line 24.
LaTeX Font Info:    Checking defaults for OT1/cmr/m/n on input line 24.
LaTeX Font Info:    ... okay on input line 24.
LaTeX Font Info:    Checking defaults for T1/cmr/m/n on input line 24.
LaTeX Font Info:    ... okay on input line 24.
LaTeX Font Info:    Checking defaults for TS1/cmr/m/n on input line 24.
LaTeX Font Info:    ... okay on input line 24.
LaTeX Font Info:    Checking defaults for OMX/cmex/m/n on input line 24.
LaTeX Font Info:    ... okay on input line 24.
LaTeX Font Info:    Checking defaults for U/cmr/m/n on input line 24.
LaTeX Font Info:    ... okay on input line 24.

(/usr/local/texlive/2024/texmf-dist/tex/context/base/mkii/supp-pdf.mkii
[Loading MPS to PDF converter (version 2006.09.02).]
\scratchcounter=\count293
\scratchdimen=\dimen163
\scratchbox=\box58
\nofMPsegments=\count294
\nofMParguments=\count295
\everyMPshowfont=\toks27
\MPscratchCnt=\count296
\MPscratchDim=\dimen164
\MPnumerator=\count297
\makeMPintoPDFobject=\count298
\everyMPtoPDFconversion=\toks28
) (/usr/local/texlive/2024/texmf-dist/tex/latex/epstopdf-pkg/epstopdf-base.sty
Package: epstopdf-base 2020-01-24 v2.11 Base part for package epstopdf
Package epstopdf-base Info: Redefining graphics rule for `.eps' on input line 4
85.

(/usr/local/texlive/2024/texmf-dist/tex/latex/latexconfig/epstopdf-sys.cfg
File: epstopdf-sys.cfg 2010/07/13 v1.3 Configuration of (r)epstopdf for TeX Liv
e
))
Package caption Info: Begin \AtBeginDocument code.
Package caption Info: float package is loaded.
Package caption Info: End \AtBeginDocument code.
<images/nottingham-logo.png, id=1, 191.94913pt x 70.8246pt>
File: images/nottingham-logo.png Graphic file (type png)
<use images/nottingham-logo.png>
Package pdftex.def Info: images/nottingham-logo.png  used on input line 27.
(pdftex.def)             Requested size: 216.81pt x 80.00165pt.

[1

{/usr/local/texlive/2024/texmf-var/fonts/map/pdftex/updmap/pdftex.map} <./image
s/nottingham-logo.png>] (./thesis.toc)
\tf@toc=\write3
\openout3 = `thesis.toc'.

 [2

] [3] [4]
Chapter 1.

LaTeX Font Warning: Font shape `OT1/cmr/bx/sc' undefined
(Font)              using `OT1/cmr/bx/n' instead on input line 47.

[1

] [2] [3]
Chapter 2.
[4

] [5]
<images/pems.png, id=44, 321.24014pt x 200.9106pt>
File: images/pems.png Graphic file (type png)
<use images/pems.png>
Package pdftex.def Info: images/pems.png  used on input line 93.
(pdftex.def)             Requested size: 398.33858pt x 249.14494pt.
 [6 <./images/pems.png>] [7] [8] [9]
Chapter 3.
[10

]
<images/lane1.png, id=62, 412.6617pt x 328.8285pt>
File: images/lane1.png Graphic file (type png)
<use images/lane1.png>
Package pdftex.def Info: images/lane1.png  used on input line 148.
(pdftex.def)             Requested size: 412.66068pt x 328.8277pt.
 [11 <./images/lane1.png>] [12] [13]
<images/trajectorycollision.jpg, id=75, 421.62318pt x 313.50726pt>
File: images/trajectorycollision.jpg Graphic file (type jpg)
<use images/trajectorycollision.jpg>
Package pdftex.def Info: images/trajectorycollision.jpg  used on input line 198
.
(pdftex.def)             Requested size: 421.62215pt x 313.50648pt.
 [14]
<images/output1.png, id=80, 443.0151pt x 604.8999pt>
File: images/output1.png Graphic file (type png)
<use images/output1.png>
Package pdftex.def Info: images/output1.png  used on input line 210.
(pdftex.def)             Requested size: 284.52756pt x 388.50989pt.
 [15 <./images/trajectorycollision.jpg>] [16 <./images/output1.png>]
<images/3dto5d.png, id=89, 1048.91875pt x 540.0175pt>
File: images/3dto5d.png Graphic file (type png)
<use images/3dto5d.png>
Package pdftex.def Info: images/3dto5d.png  used on input line 223.
(pdftex.def)             Requested size: 398.33858pt x 205.07693pt.
 [17] [18 <./images/3dto5d.png>] [19]
<images/rnn.png, id=102, 792.9625pt x 341.275pt>
File: images/rnn.png Graphic file (type png)
<use images/rnn.png>
Package pdftex.def Info: images/rnn.png  used on input line 259.
(pdftex.def)             Requested size: 341.43306pt x 146.94847pt.


Package caption Warning: Cannot determine current font size.
(caption)                Try setting it with `size=' explicitly on input line 2
59.
See the caption package documentation for explanation.


Package caption Warning: Cannot determine current font size.
(caption)                Try setting it with `size=' explicitly on input line 2
59.
See the caption package documentation for explanation.

<images/lstm.png, id=103, 958.58125pt x 418.56375pt>
File: images/lstm.png Graphic file (type png)
<use images/lstm.png>
Package pdftex.def Info: images/lstm.png  used on input line 262.
(pdftex.def)             Requested size: 341.43306pt x 149.08614pt.

Package caption Warning: Cannot determine current font size.
(caption)                Try setting it with `size=' explicitly on input line 2
62.
See the caption package documentation for explanation.


Package caption Warning: Cannot determine current font size.
(caption)                Try setting it with `size=' explicitly on input line 2
62.
See the caption package documentation for explanation.

[20 <./images/rnn.png> <./images/lstm.png>]
<images/convlstm.png, id=109, 844.15375pt x 595.22375pt>
File: images/convlstm.png Graphic file (type png)
<use images/convlstm.png>
Package pdftex.def Info: images/convlstm.png  used on input line 277.
(pdftex.def)             Requested size: 312.9803pt x 220.69254pt.
 [21 <./images/convlstm.png>]
[22]
<images/MDL.png, id=120, 800.9925pt x 823.075pt>
File: images/MDL.png Graphic file (type png)
<use images/MDL.png>
Package pdftex.def Info: images/MDL.png  used on input line 310.
(pdftex.def)             Requested size: 398.33858pt x 409.32608pt.
 [23]
<images/downsizedmdl.png, id=124, 542.025pt x 707.64375pt>
File: images/downsizedmdl.png Graphic file (type png)
<use images/downsizedmdl.png>
Package pdftex.def Info: images/downsizedmdl.png  used on input line 317.
(pdftex.def)             Requested size: 369.88582pt x 482.91904pt.
 [24 <./images/MDL.png>] [25 <./images/downsizedmdl.png>]
<images/realtime_arch.png, id=132, 649.42625pt x 578.16pt>
File: images/realtime_arch.png Graphic file (type png)
<use images/realtime_arch.png>
Package pdftex.def Info: images/realtime_arch.png  used on input line 327.
(pdftex.def)             Requested size: 398.33858pt x 354.63556pt.

Overfull \hbox (3.1335pt too wide) in paragraph at lines 332--334
[]\OT1/cmr/m/n/10.95 In this sec-tion, we de-scribe the ar-chi-tec-ture of the 
real-time pre-dic-tion data pipeline.
 []


Underfull \hbox (badness 10000) in paragraph at lines 335--335
[][]\OT1/cmr/m/n/9 Refer to the Apache Spark Struc-tured Stream-ing doc-u-men-t
a-tion for fur-ther de-tails:
 []

[26

 <./images/realtime_arch.png>] [27] [28]
Overfull \hbox (4.23206pt too wide) in paragraph at lines 372--372
 []|\OT1/cmr/m/n/10.95 Timewindow| 
 []


Overfull \hbox (11.06573pt too wide) in paragraph at lines 370--388
 [][] 
 []

[29] [30]
Chapter 4.

Overfull \hbox (13.5614pt too wide) in paragraph at lines 403--418
 [][] 
 []

[31

]
<images/mdl_res_comp.png, id=154, 442.65375pt x 595.22375pt>
File: images/mdl_res_comp.png Graphic file (type png)
<use images/mdl_res_comp.png>
Package pdftex.def Info: images/mdl_res_comp.png  used on input line 426.
(pdftex.def)             Requested size: 284.52756pt x 382.61307pt.
 [32 <./images/mdl_res_comp.png>]
Overfull \hbox (10.38834pt too wide) in paragraph at lines 442--452
 [][] 
 []

[33] [34]
Chapter 5.
[35

] [36] [37] [38]
Chapter 6.
[39

] (./thesis.bbl [40]
Underfull \hbox (badness 3312) in paragraph at lines 25--30
[]\OT1/cmr/m/n/10.95 Jaswanth Nidama-nuri, Chin-mayi Nib-hanupudi, Rolf Ass-fal
g, and Hrishikesh
 []

[41

] [42] [43] [44] [45]) [46]
Appendix A.
<images/alg2forloop.png, id=205, 921.4425pt x 323.2075pt>
File: images/alg2forloop.png Graphic file (type png)
<use images/alg2forloop.png>
Package pdftex.def Info: images/alg2forloop.png  used on input line 574.
(pdftex.def)             Requested size: 398.33858pt x 139.7212pt.

Package caption Warning: Cannot determine current font size.
(caption)                Try setting it with `size=' explicitly on input line 5
74.
See the caption package documentation for explanation.


Package caption Warning: Cannot determine current font size.
(caption)                Try setting it with `size=' explicitly on input line 5
74.
See the caption package documentation for explanation.

<images/alg2after.png, id=206, 702.625pt x 441.65pt>
File: images/alg2after.png Graphic file (type png)
<use images/alg2after.png>
Package pdftex.def Info: images/alg2after.png  used on input line 577.
(pdftex.def)             Requested size: 312.9803pt x 196.73242pt.

Package caption Warning: Cannot determine current font size.
(caption)                Try setting it with `size=' explicitly on input line 5
77.
See the caption package documentation for explanation.


Package caption Warning: Cannot determine current font size.
(caption)                Try setting it with `size=' explicitly on input line 5
77.
See the caption package documentation for explanation.

[47

] [48] [49 <./images/alg2forloop.png> <./images/alg2after.png>]
(./thesis.aux)
 ***********
LaTeX2e <2023-11-01> patch level 1
L3 programming layer <2024-02-20>
 ***********


LaTeX Font Warning: Some font shapes were not available, defaults substituted.

 ) 
Here is how much of TeX's memory you used:
 4644 strings out of 474116
 78474 string characters out of 5743683
 1942187 words of memory out of 5000000
 26974 multiletter control sequences out of 15000+600000
 566817 words of font info for 66 fonts, out of 8000000 for 9000
 1141 hyphenation exceptions out of 8191
 67i,15n,77p,1837b,496s stack positions out of 10000i,1000n,20000p,200000b,200000s
</usr/local/texlive/2024/texmf-dist/fonts/type1/public/amsfonts/cm/cmbx10.pfb
></usr/local/texlive/2024/texmf-dist/fonts/type1/public/amsfonts/cm/cmbx12.pfb>
</usr/local/texlive/2024/texmf-dist/fonts/type1/public/amsfonts/cm/cmcsc10.pfb>
</usr/local/texlive/2024/texmf-dist/fonts/type1/public/amsfonts/cm/cmex10.pfb><
/usr/local/texlive/2024/texmf-dist/fonts/type1/public/amsfonts/cm/cmmi10.pfb></
usr/local/texlive/2024/texmf-dist/fonts/type1/public/amsfonts/cm/cmmi6.pfb></us
r/local/texlive/2024/texmf-dist/fonts/type1/public/amsfonts/cm/cmmi8.pfb></usr/
local/texlive/2024/texmf-dist/fonts/type1/public/amsfonts/cm/cmr10.pfb></usr/lo
cal/texlive/2024/texmf-dist/fonts/type1/public/amsfonts/cm/cmr12.pfb></usr/loca
l/texlive/2024/texmf-dist/fonts/type1/public/amsfonts/cm/cmr17.pfb></usr/local/
texlive/2024/texmf-dist/fonts/type1/public/amsfonts/cm/cmr6.pfb></usr/local/tex
live/2024/texmf-dist/fonts/type1/public/amsfonts/cm/cmr8.pfb></usr/local/texliv
e/2024/texmf-dist/fonts/type1/public/amsfonts/cm/cmr9.pfb></usr/local/texlive/2
024/texmf-dist/fonts/type1/public/amsfonts/cm/cmss10.pfb></usr/local/texlive/20
24/texmf-dist/fonts/type1/public/amsfonts/cm/cmsy10.pfb></usr/local/texlive/202
4/texmf-dist/fonts/type1/public/amsfonts/cm/cmsy6.pfb></usr/local/texlive/2024/
texmf-dist/fonts/type1/public/amsfonts/cm/cmsy8.pfb></usr/local/texlive/2024/te
xmf-dist/fonts/type1/public/amsfonts/cm/cmti10.pfb>
Output written on thesis.pdf (53 pages, 5047951 bytes).
PDF statistics:
 295 PDF objects out of 1000 (max. 8388607)
 174 compressed objects within 2 object streams
 0 named destinations out of 1000 (max. 500000)
 76 words of extra memory for PDF output out of 10000 (max. 10000000)

